# JRE version: Java(TM) SE Runtime Environment (8.0_221-b11) (build 1.8.0_221-b11)
# Java VM: Java HotSpot(TM) 64-Bit Server VM (25.221-b11 mixed mode bsd-amd64 compressed oops)
Heap:
 PSYoungGen      total 38400K, used 17042K [0x0000000795580000, 0x000000079a080000, 0x00000007c0000000)
  eden space 33280K, 36% used [0x0000000795580000,0x0000000796160868,0x0000000797600000)
  from space 5120K, 95% used [0x0000000799b80000,0x000000079a044260,0x000000079a080000)
  to   space 5120K, 0% used [0x0000000797600000,0x0000000797600000,0x0000000797b00000)
 ParOldGen       total 87552K, used 22770K [0x0000000740000000, 0x0000000745580000, 0x0000000795580000)
  object space 87552K, 26% used [0x0000000740000000,0x000000074163c908,0x0000000745580000)
 Metaspace       used 18055K, capacity 18450K, committed 18816K, reserved 1064960K
  class space    used 2226K, capacity 2332K, committed 2432K, reserved 1048576K
GC Heap History (8 events):
Event: 6.303 GC heap before
{Heap before GC invocations=1 (full 0):
 PSYoungGen      total 38400K, used 25970K [0x0000000795580000, 0x0000000798000000, 0x00000007c0000000)
  eden space 33280K, 78% used [0x0000000795580000,0x0000000796edc970,0x0000000797600000)
  from space 5120K, 0% used [0x0000000797b00000,0x0000000797b00000,0x0000000798000000)
  to   space 5120K, 0% used [0x0000000797600000,0x0000000797600000,0x0000000797b00000)
 ParOldGen       total 87552K, used 0K [0x0000000740000000, 0x0000000745580000, 0x0000000795580000)
  object space 87552K, 0% used [0x0000000740000000,0x0000000740000000,0x0000000745580000)
 Metaspace       used 16803K, capacity 17112K, committed 17408K, reserved 1064960K
  class space    used 2103K, capacity 2189K, committed 2304K, reserved 1048576K
Event: 6.315 GC heap after
Heap after GC invocations=1 (full 0):
 PSYoungGen      total 38400K, used 5110K [0x0000000795580000, 0x0000000798000000, 0x00000007c0000000)
  eden space 33280K, 0% used [0x0000000795580000,0x0000000795580000,0x0000000797600000)
  from space 5120K, 99% used [0x0000000797600000,0x0000000797afdb20,0x0000000797b00000)
  to   space 5120K, 0% used [0x0000000797b00000,0x0000000797b00000,0x0000000798000000)
 ParOldGen       total 87552K, used 9592K [0x0000000740000000, 0x0000000745580000, 0x0000000795580000)
  object space 87552K, 10% used [0x0000000740000000,0x000000074095e3e8,0x0000000745580000)
 Metaspace       used 16803K, capacity 17112K, committed 17408K, reserved 1064960K
  class space    used 2103K, capacity 2189K, committed 2304K, reserved 1048576K
}
Event: 6.641 GC heap before
{Heap before GC invocations=2 (full 0):
 PSYoungGen      total 38400K, used 36704K [0x0000000795580000, 0x0000000798000000, 0x00000007c0000000)
  eden space 33280K, 94% used [0x0000000795580000,0x000000079745a4f8,0x0000000797600000)
  from space 5120K, 99% used [0x0000000797600000,0x0000000797afdb20,0x0000000797b00000)
  to   space 5120K, 0% used [0x0000000797b00000,0x0000000797b00000,0x0000000798000000)
 ParOldGen       total 87552K, used 9592K [0x0000000740000000, 0x0000000745580000, 0x0000000795580000)
  object space 87552K, 10% used [0x0000000740000000,0x000000074095e3e8,0x0000000745580000)
 Metaspace       used 16928K, capacity 17240K, committed 17664K, reserved 1064960K
  class space    used 2107K, capacity 2189K, committed 2304K, reserved 1048576K
Event: 6.651 GC heap after
Heap after GC invocations=2 (full 0):
 PSYoungGen      total 38400K, used 5088K [0x0000000795580000, 0x000000079a080000, 0x00000007c0000000)
  eden space 33280K, 0% used [0x0000000795580000,0x0000000795580000,0x0000000797600000)
  from space 5120K, 99% used [0x0000000797b00000,0x0000000797ff8250,0x0000000798000000)
  to   space 5120K, 0% used [0x0000000797600000,0x0000000797600000,0x0000000797b00000)
 ParOldGen       total 87552K, used 9932K [0x0000000740000000, 0x0000000745580000, 0x0000000795580000)
  object space 87552K, 11% used [0x0000000740000000,0x00000007409b33f8,0x0000000745580000)
 Metaspace       used 16928K, capacity 17240K, committed 17664K, reserved 1064960K
  class space    used 2107K, capacity 2189K, committed 2304K, reserved 1048576K
}
Event: 38.814 GC heap before
{Heap before GC invocations=3 (full 0):
 PSYoungGen      total 38400K, used 36873K [0x0000000795580000, 0x000000079a080000, 0x00000007c0000000)
  eden space 33280K, 95% used [0x0000000795580000,0x000000079748a488,0x0000000797600000)
  from space 5120K, 99% used [0x0000000797b00000,0x0000000797ff8250,0x0000000798000000)
  to   space 5120K, 0% used [0x0000000797600000,0x0000000797600000,0x0000000797b00000)
 ParOldGen       total 87552K, used 9932K [0x0000000740000000, 0x0000000745580000, 0x0000000795580000)
  object space 87552K, 11% used [0x0000000740000000,0x00000007409b33f8,0x0000000745580000)
 Metaspace       used 18005K, capacity 18386K, committed 18560K, reserved 1064960K
  class space    used 2225K, capacity 2332K, committed 2432K, reserved 1048576K
Event: 38.826 GC heap after
Heap after GC invocations=3 (full 0):
 PSYoungGen      total 38400K, used 5089K [0x0000000795580000, 0x000000079a080000, 0x00000007c0000000)
  eden space 33280K, 0% used [0x0000000795580000,0x0000000795580000,0x0000000797600000)
  from space 5120K, 99% used [0x0000000797600000,0x0000000797af8470,0x0000000797b00000)
  to   space 5120K, 0% used [0x0000000799b80000,0x0000000799b80000,0x000000079a080000)
 ParOldGen       total 87552K, used 19858K [0x0000000740000000, 0x0000000745580000, 0x0000000795580000)
  object space 87552K, 22% used [0x0000000740000000,0x0000000741364bb8,0x0000000745580000)
 Metaspace       used 18005K, capacity 18386K, committed 18560K, reserved 1064960K
  class space    used 2225K, capacity 2332K, committed 2432K, reserved 1048576K
}
Event: 201.767 GC heap before
{Heap before GC invocations=4 (full 0):
 PSYoungGen      total 38400K, used 29013K [0x0000000795580000, 0x000000079a080000, 0x00000007c0000000)
  eden space 33280K, 71% used [0x0000000795580000,0x0000000796cdd228,0x0000000797600000)
  from space 5120K, 99% used [0x0000000797600000,0x0000000797af8470,0x0000000797b00000)
  to   space 5120K, 0% used [0x0000000799b80000,0x0000000799b80000,0x000000079a080000)
 ParOldGen       total 87552K, used 19858K [0x0000000740000000, 0x0000000745580000, 0x0000000795580000)
  object space 87552K, 22% used [0x0000000740000000,0x0000000741364bb8,0x0000000745580000)
 Metaspace       used 18054K, capacity 18450K, committed 18816K, reserved 1064960K
  class space    used 2226K, capacity 2332K, committed 2432K, reserved 1048576K
Event: 201.773 GC heap after
Heap after GC invocations=4 (full 0):
 PSYoungGen      total 38400K, used 4880K [0x0000000795580000, 0x000000079a080000, 0x00000007c0000000)
  eden space 33280K, 0% used [0x0000000795580000,0x0000000795580000,0x0000000797600000)
  from space 5120K, 95% used [0x0000000799b80000,0x000000079a044260,0x000000079a080000)
  to   space 5120K, 0% used [0x0000000797600000,0x0000000797600000,0x0000000797b00000)
 ParOldGen       total 87552K, used 22770K [0x0000000740000000, 0x0000000745580000, 0x0000000795580000)
  object space 87552K, 26% used [0x0000000740000000,0x000000074163c908,0x0000000745580000)
 Metaspace       used 18054K, capacity 18450K, committed 18816K, reserved 1064960K
  class space    used 2226K, capacity 2332K, committed 2432K, reserved 1048576K
}

